# JRE version: Java(TM) SE Runtime Environment (8.0_181-b13) (build 1.8.0_181-b13)
# Java VM: Java HotSpot(TM) 64-Bit Server VM (25.181-b13 mixed mode windows-amd64 compressed oops)
Heap:
 PSYoungGen      total 135680K, used 46630K [0x00000000d5700000, 0x00000000dea00000, 0x0000000100000000)
  eden space 126976K, 29% used [0x00000000d5700000,0x00000000d7c0a9f8,0x00000000dd300000)
  from space 8704K, 99% used [0x00000000ddd80000,0x00000000de5feeb0,0x00000000de600000)
  to   space 10752K, 0% used [0x00000000dd300000,0x00000000dd300000,0x00000000ddd80000)
 ParOldGen       total 87552K, used 8253K [0x0000000080400000, 0x0000000085980000, 0x00000000d5700000)
  object space 87552K, 9% used [0x0000000080400000,0x0000000080c0f720,0x0000000085980000)
 Metaspace       used 18308K, capacity 19216K, committed 19456K, reserved 1067008K
  class space    used 1993K, capacity 2192K, committed 2304K, reserved 1048576K
GC Heap History (10 events):
Event: 5.281 GC heap before
{Heap before GC invocations=4 (full 0):
 PSYoungGen      total 38400K, used 37547K [0x00000000d5700000, 0x00000000d8180000, 0x0000000100000000)
  eden space 33280K, 100% used [0x00000000d5700000,0x00000000d7780000,0x00000000d7780000)
  from space 5120K, 83% used [0x00000000d7780000,0x00000000d7baaf08,0x00000000d7c80000)
  to   space 5120K, 0% used [0x00000000d7c80000,0x00000000d7c80000,0x00000000d8180000)
 ParOldGen       total 87552K, used 40K [0x0000000080400000, 0x0000000085980000, 0x00000000d5700000)
  object space 87552K, 0% used [0x0000000080400000,0x000000008040a000,0x0000000085980000)
 Metaspace       used 13465K, capacity 14264K, committed 14336K, reserved 1062912K
  class space    used 1555K, capacity 1730K, committed 1792K, reserved 1048576K
Event: 5.288 GC heap after
Heap after GC invocations=4 (full 0):
 PSYoungGen      total 38400K, used 5089K [0x00000000d5700000, 0x00000000da200000, 0x0000000100000000)
  eden space 33280K, 0% used [0x00000000d5700000,0x00000000d5700000,0x00000000d7780000)
  from space 5120K, 99% used [0x00000000d7c80000,0x00000000d8178510,0x00000000d8180000)
  to   space 5120K, 0% used [0x00000000d7780000,0x00000000d7780000,0x00000000d7c80000)
 ParOldGen       total 87552K, used 259K [0x0000000080400000, 0x0000000085980000, 0x00000000d5700000)
  object space 87552K, 0% used [0x0000000080400000,0x0000000080440d60,0x0000000085980000)
 Metaspace       used 13465K, capacity 14264K, committed 14336K, reserved 1062912K
  class space    used 1555K, capacity 1730K, committed 1792K, reserved 1048576K
}
Event: 5.475 GC heap before
{Heap before GC invocations=5 (full 0):
 PSYoungGen      total 38400K, used 38369K [0x00000000d5700000, 0x00000000da200000, 0x0000000100000000)
  eden space 33280K, 100% used [0x00000000d5700000,0x00000000d7780000,0x00000000d7780000)
  from space 5120K, 99% used [0x00000000d7c80000,0x00000000d8178510,0x00000000d8180000)
  to   space 5120K, 0% used [0x00000000d7780000,0x00000000d7780000,0x00000000d7c80000)
 ParOldGen       total 87552K, used 259K [0x0000000080400000, 0x0000000085980000, 0x00000000d5700000)
  object space 87552K, 0% used [0x0000000080400000,0x0000000080440d60,0x0000000085980000)
 Metaspace       used 14756K, capacity 15614K, committed 15744K, reserved 1062912K
  class space    used 1676K, capacity 1859K, committed 1920K, reserved 1048576K
Event: 5.481 GC heap after
Heap after GC invocations=5 (full 0):
 PSYoungGen      total 38400K, used 5101K [0x00000000d5700000, 0x00000000da400000, 0x0000000100000000)
  eden space 33280K, 0% used [0x00000000d5700000,0x00000000d5700000,0x00000000d7780000)
  from space 5120K, 99% used [0x00000000d7780000,0x00000000d7c7b7c0,0x00000000d7c80000)
  to   space 6144K, 0% used [0x00000000d9e00000,0x00000000d9e00000,0x00000000da400000)
 ParOldGen       total 87552K, used 967K [0x0000000080400000, 0x0000000085980000, 0x00000000d5700000)
  object space 87552K, 1% used [0x0000000080400000,0x00000000804f1e10,0x0000000085980000)
 Metaspace       used 14756K, capacity 15614K, committed 15744K, reserved 1062912K
  class space    used 1676K, capacity 1859K, committed 1920K, reserved 1048576K
}
Event: 6.176 GC heap before
{Heap before GC invocations=6 (full 0):
 PSYoungGen      total 38400K, used 38381K [0x00000000d5700000, 0x00000000da400000, 0x0000000100000000)
  eden space 33280K, 100% used [0x00000000d5700000,0x00000000d7780000,0x00000000d7780000)
  from space 5120K, 99% used [0x00000000d7780000,0x00000000d7c7b7c0,0x00000000d7c80000)
  to   space 6144K, 0% used [0x00000000d9e00000,0x00000000d9e00000,0x00000000da400000)
 ParOldGen       total 87552K, used 967K [0x0000000080400000, 0x0000000085980000, 0x00000000d5700000)
  object space 87552K, 1% used [0x0000000080400000,0x00000000804f1e10,0x0000000085980000)
 Metaspace       used 16932K, capacity 17830K, committed 18048K, reserved 1064960K
  class space    used 1916K, capacity 2099K, committed 2176K, reserved 1048576K
Event: 6.186 GC heap after
Heap after GC invocations=6 (full 0):
 PSYoungGen      total 70656K, used 6133K [0x00000000d5700000, 0x00000000da800000, 0x0000000100000000)
  eden space 64512K, 0% used [0x00000000d5700000,0x00000000d5700000,0x00000000d9600000)
  from space 6144K, 99% used [0x00000000d9e00000,0x00000000da3fd6f0,0x00000000da400000)
  to   space 8192K, 0% used [0x00000000d9600000,0x00000000d9600000,0x00000000d9e00000)
 ParOldGen       total 87552K, used 3234K [0x0000000080400000, 0x0000000085980000, 0x00000000d5700000)
  object space 87552K, 3% used [0x0000000080400000,0x0000000080728990,0x0000000085980000)
 Metaspace       used 16932K, capacity 17830K, committed 18048K, reserved 1064960K
  class space    used 1916K, capacity 2099K, committed 2176K, reserved 1048576K
}
Event: 6.793 GC heap before
{Heap before GC invocations=7 (full 0):
 PSYoungGen      total 70656K, used 70645K [0x00000000d5700000, 0x00000000da800000, 0x0000000100000000)
  eden space 64512K, 100% used [0x00000000d5700000,0x00000000d9600000,0x00000000d9600000)
  from space 6144K, 99% used [0x00000000d9e00000,0x00000000da3fd6f0,0x00000000da400000)
  to   space 8192K, 0% used [0x00000000d9600000,0x00000000d9600000,0x00000000d9e00000)
 ParOldGen       total 87552K, used 3234K [0x0000000080400000, 0x0000000085980000, 0x00000000d5700000)
  object space 87552K, 3% used [0x0000000080400000,0x0000000080728990,0x0000000085980000)
 Metaspace       used 17343K, capacity 18258K, committed 18560K, reserved 1064960K
  class space    used 1926K, capacity 2117K, committed 2176K, reserved 1048576K
Event: 6.801 GC heap after
Heap after GC invocations=7 (full 0):
 PSYoungGen      total 72704K, used 7237K [0x00000000d5700000, 0x00000000de600000, 0x0000000100000000)
  eden space 64512K, 0% used [0x00000000d5700000,0x00000000d5700000,0x00000000d9600000)
  from space 8192K, 88% used [0x00000000d9600000,0x00000000d9d11580,0x00000000d9e00000)
  to   space 8704K, 0% used [0x00000000ddd80000,0x00000000ddd80000,0x00000000de600000)
 ParOldGen       total 87552K, used 5952K [0x0000000080400000, 0x0000000085980000, 0x00000000d5700000)
  object space 87552K, 6% used [0x0000000080400000,0x00000000809d0180,0x0000000085980000)
 Metaspace       used 17343K, capacity 18258K, committed 18560K, reserved 1064960K
  class space    used 1926K, capacity 2117K, committed 2176K, reserved 1048576K
}
Event: 7.298 GC heap before
{Heap before GC invocations=8 (full 0):
 PSYoungGen      total 72704K, used 71749K [0x00000000d5700000, 0x00000000de600000, 0x0000000100000000)
  eden space 64512K, 100% used [0x00000000d5700000,0x00000000d9600000,0x00000000d9600000)
  from space 8192K, 88% used [0x00000000d9600000,0x00000000d9d11580,0x00000000d9e00000)
  to   space 8704K, 0% used [0x00000000ddd80000,0x00000000ddd80000,0x00000000de600000)
 ParOldGen       total 87552K, used 5952K [0x0000000080400000, 0x0000000085980000, 0x00000000d5700000)
  object space 87552K, 6% used [0x0000000080400000,0x00000000809d0180,0x0000000085980000)
 Metaspace       used 17507K, capacity 18386K, committed 18560K, reserved 1064960K
  class space    used 1927K, capacity 2117K, committed 2176K, reserved 1048576K
Event: 7.304 GC heap after
Heap after GC invocations=8 (full 0):
 PSYoungGen      total 135680K, used 8699K [0x00000000d5700000, 0x00000000dea00000, 0x0000000100000000)
  eden space 126976K, 0% used [0x00000000d5700000,0x00000000d5700000,0x00000000dd300000)
  from space 8704K, 99% used [0x00000000ddd80000,0x00000000de5feeb0,0x00000000de600000)
  to   space 10752K, 0% used [0x00000000dd300000,0x00000000dd300000,0x00000000ddd80000)
 ParOldGen       total 87552K, used 8253K [0x0000000080400000, 0x0000000085980000, 0x00000000d5700000)
  object space 87552K, 9% used [0x0000000080400000,0x0000000080c0f720,0x0000000085980000)
 Metaspace       used 17507K, capacity 18386K, committed 18560K, reserved 1064960K
  class space    used 1927K, capacity 2117K, committed 2176K, reserved 1048576K
}

