# JRE version: Java(TM) SE Runtime Environment (8.0_181-b13) (build 1.8.0_181-b13)
# Java VM: Java HotSpot(TM) 64-Bit Server VM (25.181-b13 mixed mode windows-amd64 compressed oops)
Heap:
 PSYoungGen      total 72704K, used 42417K [0x00000000d5700000, 0x00000000da800000, 0x0000000100000000)
  eden space 64512K, 54% used [0x00000000d5700000,0x00000000d7936be8,0x00000000d9600000)
  from space 8192K, 90% used [0x00000000d9600000,0x00000000d9d359d0,0x00000000d9e00000)
  to   space 6144K, 0% used [0x00000000d9e00000,0x00000000d9e00000,0x00000000da400000)
 ParOldGen       total 87552K, used 5873K [0x0000000080400000, 0x0000000085980000, 0x00000000d5700000)
  object space 87552K, 6% used [0x0000000080400000,0x00000000809bc660,0x0000000085980000)
 Metaspace       used 17456K, capacity 18326K, committed 18560K, reserved 1064960K
  class space    used 1927K, capacity 2117K, committed 2176K, reserved 1048576K
GC Heap History (10 events):
Event: 5.099 GC heap before
{Heap before GC invocations=3 (full 0):
 PSYoungGen      total 38400K, used 37258K [0x00000000d5700000, 0x00000000d8180000, 0x0000000100000000)
  eden space 33280K, 100% used [0x00000000d5700000,0x00000000d7780000,0x00000000d7780000)
  from space 5120K, 77% used [0x00000000d7c80000,0x00000000d80629d0,0x00000000d8180000)
  to   space 5120K, 0% used [0x00000000d7780000,0x00000000d7780000,0x00000000d7c80000)
 ParOldGen       total 87552K, used 24K [0x0000000080400000, 0x0000000085980000, 0x00000000d5700000)
  object space 87552K, 0% used [0x0000000080400000,0x0000000080406000,0x0000000085980000)
 Metaspace       used 11844K, capacity 12582K, committed 12928K, reserved 1060864K
  class space    used 1386K, capacity 1561K, committed 1664K, reserved 1048576K
Event: 5.105 GC heap after
Heap after GC invocations=3 (full 0):
 PSYoungGen      total 38400K, used 4315K [0x00000000d5700000, 0x00000000d8180000, 0x0000000100000000)
  eden space 33280K, 0% used [0x00000000d5700000,0x00000000d5700000,0x00000000d7780000)
  from space 5120K, 84% used [0x00000000d7780000,0x00000000d7bb6fa0,0x00000000d7c80000)
  to   space 5120K, 0% used [0x00000000d7c80000,0x00000000d7c80000,0x00000000d8180000)
 ParOldGen       total 87552K, used 32K [0x0000000080400000, 0x0000000085980000, 0x00000000d5700000)
  object space 87552K, 0% used [0x0000000080400000,0x0000000080408000,0x0000000085980000)
 Metaspace       used 11844K, capacity 12582K, committed 12928K, reserved 1060864K
  class space    used 1386K, capacity 1561K, committed 1664K, reserved 1048576K
}
Event: 5.364 GC heap before
{Heap before GC invocations=4 (full 0):
 PSYoungGen      total 38400K, used 37595K [0x00000000d5700000, 0x00000000d8180000, 0x0000000100000000)
  eden space 33280K, 100% used [0x00000000d5700000,0x00000000d7780000,0x00000000d7780000)
  from space 5120K, 84% used [0x00000000d7780000,0x00000000d7bb6fa0,0x00000000d7c80000)
  to   space 5120K, 0% used [0x00000000d7c80000,0x00000000d7c80000,0x00000000d8180000)
 ParOldGen       total 87552K, used 32K [0x0000000080400000, 0x0000000085980000, 0x00000000d5700000)
  object space 87552K, 0% used [0x0000000080400000,0x0000000080408000,0x0000000085980000)
 Metaspace       used 13447K, capacity 14264K, committed 14336K, reserved 1062912K
  class space    used 1555K, capacity 1730K, committed 1792K, reserved 1048576K
Event: 5.369 GC heap after
Heap after GC invocations=4 (full 0):
 PSYoungGen      total 38400K, used 5119K [0x00000000d5700000, 0x00000000da200000, 0x0000000100000000)
  eden space 33280K, 0% used [0x00000000d5700000,0x00000000d5700000,0x00000000d7780000)
  from space 5120K, 99% used [0x00000000d7c80000,0x00000000d817ff50,0x00000000d8180000)
  to   space 5120K, 0% used [0x00000000d7780000,0x00000000d7780000,0x00000000d7c80000)
 ParOldGen       total 87552K, used 187K [0x0000000080400000, 0x0000000085980000, 0x00000000d5700000)
  object space 87552K, 0% used [0x0000000080400000,0x000000008042ecb0,0x0000000085980000)
 Metaspace       used 13447K, capacity 14264K, committed 14336K, reserved 1062912K
  class space    used 1555K, capacity 1730K, committed 1792K, reserved 1048576K
}
Event: 5.550 GC heap before
{Heap before GC invocations=5 (full 0):
 PSYoungGen      total 38400K, used 38399K [0x00000000d5700000, 0x00000000da200000, 0x0000000100000000)
  eden space 33280K, 100% used [0x00000000d5700000,0x00000000d7780000,0x00000000d7780000)
  from space 5120K, 99% used [0x00000000d7c80000,0x00000000d817ff50,0x00000000d8180000)
  to   space 5120K, 0% used [0x00000000d7780000,0x00000000d7780000,0x00000000d7c80000)
 ParOldGen       total 87552K, used 187K [0x0000000080400000, 0x0000000085980000, 0x00000000d5700000)
  object space 87552K, 0% used [0x0000000080400000,0x000000008042ecb0,0x0000000085980000)
 Metaspace       used 14730K, capacity 15550K, committed 15744K, reserved 1062912K
  class space    used 1674K, capacity 1859K, committed 1920K, reserved 1048576K
Event: 5.554 GC heap after
Heap after GC invocations=5 (full 0):
 PSYoungGen      total 38400K, used 5104K [0x00000000d5700000, 0x00000000da400000, 0x0000000100000000)
  eden space 33280K, 0% used [0x00000000d5700000,0x00000000d5700000,0x00000000d7780000)
  from space 5120K, 99% used [0x00000000d7780000,0x00000000d7c7c068,0x00000000d7c80000)
  to   space 6144K, 0% used [0x00000000d9e00000,0x00000000d9e00000,0x00000000da400000)
 ParOldGen       total 87552K, used 877K [0x0000000080400000, 0x0000000085980000, 0x00000000d5700000)
  object space 87552K, 1% used [0x0000000080400000,0x00000000804db550,0x0000000085980000)
 Metaspace       used 14730K, capacity 15550K, committed 15744K, reserved 1062912K
  class space    used 1674K, capacity 1859K, committed 1920K, reserved 1048576K
}
Event: 6.293 GC heap before
{Heap before GC invocations=6 (full 0):
 PSYoungGen      total 38400K, used 38384K [0x00000000d5700000, 0x00000000da400000, 0x0000000100000000)
  eden space 33280K, 100% used [0x00000000d5700000,0x00000000d7780000,0x00000000d7780000)
  from space 5120K, 99% used [0x00000000d7780000,0x00000000d7c7c068,0x00000000d7c80000)
  to   space 6144K, 0% used [0x00000000d9e00000,0x00000000d9e00000,0x00000000da400000)
 ParOldGen       total 87552K, used 877K [0x0000000080400000, 0x0000000085980000, 0x00000000d5700000)
  object space 87552K, 1% used [0x0000000080400000,0x00000000804db550,0x0000000085980000)
 Metaspace       used 16929K, capacity 17766K, committed 18048K, reserved 1064960K
  class space    used 1916K, capacity 2099K, committed 2176K, reserved 1048576K
Event: 6.304 GC heap after
Heap after GC invocations=6 (full 0):
 PSYoungGen      total 70656K, used 6133K [0x00000000d5700000, 0x00000000da800000, 0x0000000100000000)
  eden space 64512K, 0% used [0x00000000d5700000,0x00000000d5700000,0x00000000d9600000)
  from space 6144K, 99% used [0x00000000d9e00000,0x00000000da3fd598,0x00000000da400000)
  to   space 8192K, 0% used [0x00000000d9600000,0x00000000d9600000,0x00000000d9e00000)
 ParOldGen       total 87552K, used 3159K [0x0000000080400000, 0x0000000085980000, 0x00000000d5700000)
  object space 87552K, 3% used [0x0000000080400000,0x0000000080715da8,0x0000000085980000)
 Metaspace       used 16929K, capacity 17766K, committed 18048K, reserved 1064960K
  class space    used 1916K, capacity 2099K, committed 2176K, reserved 1048576K
}
Event: 6.935 GC heap before
{Heap before GC invocations=7 (full 0):
 PSYoungGen      total 70656K, used 70645K [0x00000000d5700000, 0x00000000da800000, 0x0000000100000000)
  eden space 64512K, 100% used [0x00000000d5700000,0x00000000d9600000,0x00000000d9600000)
  from space 6144K, 99% used [0x00000000d9e00000,0x00000000da3fd598,0x00000000da400000)
  to   space 8192K, 0% used [0x00000000d9600000,0x00000000d9600000,0x00000000d9e00000)
 ParOldGen       total 87552K, used 3159K [0x0000000080400000, 0x0000000085980000, 0x00000000d5700000)
  object space 87552K, 3% used [0x0000000080400000,0x0000000080715da8,0x0000000085980000)
 Metaspace       used 17337K, capacity 18258K, committed 18560K, reserved 1064960K
  class space    used 1926K, capacity 2117K, committed 2176K, reserved 1048576K
Event: 6.944 GC heap after
Heap after GC invocations=7 (full 0):
 PSYoungGen      total 72704K, used 7382K [0x00000000d5700000, 0x00000000da800000, 0x0000000100000000)
  eden space 64512K, 0% used [0x00000000d5700000,0x00000000d5700000,0x00000000d9600000)
  from space 8192K, 90% used [0x00000000d9600000,0x00000000d9d359d0,0x00000000d9e00000)
  to   space 6144K, 0% used [0x00000000d9e00000,0x00000000d9e00000,0x00000000da400000)
 ParOldGen       total 87552K, used 5873K [0x0000000080400000, 0x0000000085980000, 0x00000000d5700000)
  object space 87552K, 6% used [0x0000000080400000,0x00000000809bc660,0x0000000085980000)
 Metaspace       used 17337K, capacity 18258K, committed 18560K, reserved 1064960K
  class space    used 1926K, capacity 2117K, committed 2176K, reserved 1048576K
}

