# JRE version: Java(TM) SE Runtime Environment (8.0_181-b13) (build 1.8.0_181-b13)
# Java VM: Java HotSpot(TM) 64-Bit Server VM (25.181-b13 mixed mode windows-amd64 compressed oops)
Heap:
 PSYoungGen      total 73216K, used 63700K [0x00000000d5700000, 0x00000000de800000, 0x0000000100000000)
  eden space 65024K, 87% used [0x00000000d5700000,0x00000000d8ed1770,0x00000000d9680000)
  from space 8192K, 95% used [0x00000000d9680000,0x00000000d9e25210,0x00000000d9e80000)
  to   space 9216K, 0% used [0x00000000ddf00000,0x00000000ddf00000,0x00000000de800000)
 ParOldGen       total 87552K, used 5525K [0x0000000080400000, 0x0000000085980000, 0x00000000d5700000)
  object space 87552K, 6% used [0x0000000080400000,0x0000000080965668,0x0000000085980000)
 Metaspace       used 17444K, capacity 18322K, committed 18560K, reserved 1064960K
  class space    used 1927K, capacity 2117K, committed 2176K, reserved 1048576K
GC Heap History (10 events):
Event: 5.035 GC heap before
{Heap before GC invocations=3 (full 0):
 PSYoungGen      total 38400K, used 37194K [0x00000000d5700000, 0x00000000d8180000, 0x0000000100000000)
  eden space 33280K, 100% used [0x00000000d5700000,0x00000000d7780000,0x00000000d7780000)
  from space 5120K, 76% used [0x00000000d7c80000,0x00000000d8052b60,0x00000000d8180000)
  to   space 5120K, 0% used [0x00000000d7780000,0x00000000d7780000,0x00000000d7c80000)
 ParOldGen       total 87552K, used 32K [0x0000000080400000, 0x0000000085980000, 0x00000000d5700000)
  object space 87552K, 0% used [0x0000000080400000,0x0000000080408000,0x0000000085980000)
 Metaspace       used 11864K, capacity 12646K, committed 12928K, reserved 1060864K
  class space    used 1387K, capacity 1561K, committed 1664K, reserved 1048576K
Event: 5.039 GC heap after
Heap after GC invocations=3 (full 0):
 PSYoungGen      total 38400K, used 4347K [0x00000000d5700000, 0x00000000d8180000, 0x0000000100000000)
  eden space 33280K, 0% used [0x00000000d5700000,0x00000000d5700000,0x00000000d7780000)
  from space 5120K, 84% used [0x00000000d7780000,0x00000000d7bbeef8,0x00000000d7c80000)
  to   space 5120K, 0% used [0x00000000d7c80000,0x00000000d7c80000,0x00000000d8180000)
 ParOldGen       total 87552K, used 40K [0x0000000080400000, 0x0000000085980000, 0x00000000d5700000)
  object space 87552K, 0% used [0x0000000080400000,0x000000008040a000,0x0000000085980000)
 Metaspace       used 11864K, capacity 12646K, committed 12928K, reserved 1060864K
  class space    used 1387K, capacity 1561K, committed 1664K, reserved 1048576K
}
Event: 5.255 GC heap before
{Heap before GC invocations=4 (full 0):
 PSYoungGen      total 38400K, used 37627K [0x00000000d5700000, 0x00000000d8180000, 0x0000000100000000)
  eden space 33280K, 100% used [0x00000000d5700000,0x00000000d7780000,0x00000000d7780000)
  from space 5120K, 84% used [0x00000000d7780000,0x00000000d7bbeef8,0x00000000d7c80000)
  to   space 5120K, 0% used [0x00000000d7c80000,0x00000000d7c80000,0x00000000d8180000)
 ParOldGen       total 87552K, used 40K [0x0000000080400000, 0x0000000085980000, 0x00000000d5700000)
  object space 87552K, 0% used [0x0000000080400000,0x000000008040a000,0x0000000085980000)
 Metaspace       used 13456K, capacity 14264K, committed 14336K, reserved 1062912K
  class space    used 1555K, capacity 1730K, committed 1792K, reserved 1048576K
Event: 5.261 GC heap after
Heap after GC invocations=4 (full 0):
 PSYoungGen      total 38400K, used 5105K [0x00000000d5700000, 0x00000000da200000, 0x0000000100000000)
  eden space 33280K, 0% used [0x00000000d5700000,0x00000000d5700000,0x00000000d7780000)
  from space 5120K, 99% used [0x00000000d7c80000,0x00000000d817c520,0x00000000d8180000)
  to   space 5120K, 0% used [0x00000000d7780000,0x00000000d7780000,0x00000000d7c80000)
 ParOldGen       total 87552K, used 292K [0x0000000080400000, 0x0000000085980000, 0x00000000d5700000)
  object space 87552K, 0% used [0x0000000080400000,0x0000000080449100,0x0000000085980000)
 Metaspace       used 13456K, capacity 14264K, committed 14336K, reserved 1062912K
  class space    used 1555K, capacity 1730K, committed 1792K, reserved 1048576K
}
Event: 5.460 GC heap before
{Heap before GC invocations=5 (full 0):
 PSYoungGen      total 38400K, used 38385K [0x00000000d5700000, 0x00000000da200000, 0x0000000100000000)
  eden space 33280K, 100% used [0x00000000d5700000,0x00000000d7780000,0x00000000d7780000)
  from space 5120K, 99% used [0x00000000d7c80000,0x00000000d817c520,0x00000000d8180000)
  to   space 5120K, 0% used [0x00000000d7780000,0x00000000d7780000,0x00000000d7c80000)
 ParOldGen       total 87552K, used 292K [0x0000000080400000, 0x0000000085980000, 0x00000000d5700000)
  object space 87552K, 0% used [0x0000000080400000,0x0000000080449100,0x0000000085980000)
 Metaspace       used 14753K, capacity 15614K, committed 15744K, reserved 1062912K
  class space    used 1677K, capacity 1859K, committed 1920K, reserved 1048576K
Event: 5.464 GC heap after
Heap after GC invocations=5 (full 0):
 PSYoungGen      total 38400K, used 5103K [0x00000000d5700000, 0x00000000da500000, 0x0000000100000000)
  eden space 33280K, 0% used [0x00000000d5700000,0x00000000d5700000,0x00000000d7780000)
  from space 5120K, 99% used [0x00000000d7780000,0x00000000d7c7bfc0,0x00000000d7c80000)
  to   space 6656K, 0% used [0x00000000d9e80000,0x00000000d9e80000,0x00000000da500000)
 ParOldGen       total 87552K, used 1014K [0x0000000080400000, 0x0000000085980000, 0x00000000d5700000)
  object space 87552K, 1% used [0x0000000080400000,0x00000000804fd868,0x0000000085980000)
 Metaspace       used 14753K, capacity 15614K, committed 15744K, reserved 1062912K
  class space    used 1677K, capacity 1859K, committed 1920K, reserved 1048576K
}
Event: 6.137 GC heap before
{Heap before GC invocations=6 (full 0):
 PSYoungGen      total 38400K, used 38383K [0x00000000d5700000, 0x00000000da500000, 0x0000000100000000)
  eden space 33280K, 100% used [0x00000000d5700000,0x00000000d7780000,0x00000000d7780000)
  from space 5120K, 99% used [0x00000000d7780000,0x00000000d7c7bfc0,0x00000000d7c80000)
  to   space 6656K, 0% used [0x00000000d9e80000,0x00000000d9e80000,0x00000000da500000)
 ParOldGen       total 87552K, used 1014K [0x0000000080400000, 0x0000000085980000, 0x00000000d5700000)
  object space 87552K, 1% used [0x0000000080400000,0x00000000804fd868,0x0000000085980000)
 Metaspace       used 16916K, capacity 17766K, committed 18048K, reserved 1064960K
  class space    used 1916K, capacity 2099K, committed 2176K, reserved 1048576K
Event: 6.148 GC heap after
Heap after GC invocations=6 (full 0):
 PSYoungGen      total 71680K, used 6644K [0x00000000d5700000, 0x00000000da800000, 0x0000000100000000)
  eden space 65024K, 0% used [0x00000000d5700000,0x00000000d5700000,0x00000000d9680000)
  from space 6656K, 99% used [0x00000000d9e80000,0x00000000da4fd160,0x00000000da500000)
  to   space 8192K, 0% used [0x00000000d9680000,0x00000000d9680000,0x00000000d9e80000)
 ParOldGen       total 87552K, used 2791K [0x0000000080400000, 0x0000000085980000, 0x00000000d5700000)
  object space 87552K, 3% used [0x0000000080400000,0x00000000806b9e78,0x0000000085980000)
 Metaspace       used 16916K, capacity 17766K, committed 18048K, reserved 1064960K
  class space    used 1916K, capacity 2099K, committed 2176K, reserved 1048576K
}
Event: 6.768 GC heap before
{Heap before GC invocations=7 (full 0):
 PSYoungGen      total 71680K, used 71668K [0x00000000d5700000, 0x00000000da800000, 0x0000000100000000)
  eden space 65024K, 100% used [0x00000000d5700000,0x00000000d9680000,0x00000000d9680000)
  from space 6656K, 99% used [0x00000000d9e80000,0x00000000da4fd160,0x00000000da500000)
  to   space 8192K, 0% used [0x00000000d9680000,0x00000000d9680000,0x00000000d9e80000)
 ParOldGen       total 87552K, used 2791K [0x0000000080400000, 0x0000000085980000, 0x00000000d5700000)
  object space 87552K, 3% used [0x0000000080400000,0x00000000806b9e78,0x0000000085980000)
 Metaspace       used 17343K, capacity 18258K, committed 18560K, reserved 1064960K
  class space    used 1926K, capacity 2117K, committed 2176K, reserved 1048576K
Event: 6.777 GC heap after
Heap after GC invocations=7 (full 0):
 PSYoungGen      total 73216K, used 7828K [0x00000000d5700000, 0x00000000de800000, 0x0000000100000000)
  eden space 65024K, 0% used [0x00000000d5700000,0x00000000d5700000,0x00000000d9680000)
  from space 8192K, 95% used [0x00000000d9680000,0x00000000d9e25210,0x00000000d9e80000)
  to   space 9216K, 0% used [0x00000000ddf00000,0x00000000ddf00000,0x00000000de800000)
 ParOldGen       total 87552K, used 5525K [0x0000000080400000, 0x0000000085980000, 0x00000000d5700000)
  object space 87552K, 6% used [0x0000000080400000,0x0000000080965668,0x0000000085980000)
 Metaspace       used 17343K, capacity 18258K, committed 18560K, reserved 1064960K
  class space    used 1926K, capacity 2117K, committed 2176K, reserved 1048576K
}

